<?xml version="1.0" encoding="UTF-8"?>
<testsuite xmlns:xsi="http://www.w3.org/2001/XMLSchema-instance" xsi:noNamespaceSchemaLocation="https://maven.apache.org/surefire/maven-surefire-plugin/xsd/surefire-test-report.xsd" version="3.0.2" name="com.EmployeemanagmentapiApplicationTests" time="9.794" tests="1" errors="0" skipped="0" failures="0" flakes="0">
  <properties>
[...]
</properties>
  <testcase name="contextLoads" classname="com.EmployeemanagmentapiApplicationTests" time="2.22">
    <system-out><![CDATA[21:02:44.963 [main] INFO org.springframework.test.context.support.AnnotationConfigContextLoaderUtils -- Could not detect default configuration classes for test class [com.EmployeemanagmentapiApplicationTests]: EmployeemanagmentapiApplicationTests does not declare any static, non-private, non-final, nested classes annotated with @Configuration.
21:02:45.351 [main] INFO org.springframework.boot.test.context.SpringBootTestContextBootstrapper -- Found @SpringBootConfiguration com.EmployeemanagmentapiApplication for test class com.EmployeemanagmentapiApplicationTests
21:02:45.683 [main] INFO org.springframework.test.context.support.AnnotationConfigContextLoaderUtils -- Could not detect default configuration classes for test class [com.EmployeemanagmentapiApplicationTests]: EmployeemanagmentapiApplicationTests does not declare any static, non-private, non-final, nested classes annotated with @Configuration.
21:02:45.688 [main] INFO org.springframework.boot.test.context.SpringBootTestContextBootstrapper -- Found @SpringBootConfiguration com.EmployeemanagmentapiApplication for test class com.EmployeemanagmentapiApplicationTests

  .   ____          _            __ _ _
 /\\ / ___'_ __ _ _(_)_ __  __ _ \ \ \ \
( ( )\___ | '_ | '_| | '_ \/ _` | \ \ \ \
 \\/  ___)| |_)| | | | | || (_| |  ) ) ) )
  '  |____| .__|_| |_|_| |_\__, | / / / /
 =========|_|==============|___/=/_/_/_/

 :: Spring Boot ::                (v4.1.0)

2026-07-09T21:02:47.894+05:30  INFO 18236 --- [employeemanagmentapi] [           main] c.EmployeemanagmentapiApplicationTests   : Starting EmployeemanagmentapiApplicationTests using Java 17.0.12 with PID 18236 (started by ved in D:\practices\batch\193_194_Microservices\employeemanagmentapi)
2026-07-09T21:02:47.927+05:30  INFO 18236 --- [employeemanagmentapi] [           main] c.EmployeemanagmentapiApplicationTests   : No active profile set, falling back to 1 default profile: "default"
2026-07-09T21:02:51.474+05:30  INFO 18236 --- [employeemanagmentapi] [           main] c.EmployeemanagmentapiApplicationTests   : Started EmployeemanagmentapiApplicationTests in 5.548 seconds (process running for 10.534)
]]></system-out>
  </testcase>
</testsuite>